Using pre-set license
Built from '2022.3/staging' branch; Version is '2022.3.19f1 (244b723c30a6) revision 2378610'; Using compiler version '192829333'; Build Type 'Release'
OS: 'Windows 11  (10.0.22631) 64bit Core' Language: 'en' Physical Memory: 16003 MB
BatchMode: 1, IsHumanControllingUs: 0, StartBugReporterOnCrash: 0, Is64bit: 1, IsPro: 1

COMMAND LINE ARGUMENTS:
C:\Program Files\Unity\Hub\Editor\2022.3.19f1\Editor\Unity.exe
-adb2
-batchMode
-noUpm
-name
AssetImportWorker0
-projectPath
C:/Users/YASEEN RAJA/Ring Toss Royale
-logFile
Logs/AssetImportWorker0.log
-srvPort
54233
Successfully changed project path to: C:/Users/YASEEN RAJA/Ring Toss Royale
C:/Users/YASEEN RAJA/Ring Toss Royale
[UnityMemory] Configuration Parameters - Can be set up in boot.config
    "memorysetup-bucket-allocator-granularity=16"
    "memorysetup-bucket-allocator-bucket-count=8"
    "memorysetup-bucket-allocator-block-size=33554432"
    "memorysetup-bucket-allocator-block-count=8"
    "memorysetup-main-allocator-block-size=16777216"
    "memorysetup-thread-allocator-block-size=16777216"
    "memorysetup-gfx-main-allocator-block-size=16777216"
    "memorysetup-gfx-thread-allocator-block-size=16777216"
    "memorysetup-cache-allocator-block-size=4194304"
    "memorysetup-typetree-allocator-block-size=2097152"
    "memorysetup-profiler-bucket-allocator-granularity=16"
    "memorysetup-profiler-bucket-allocator-bucket-count=8"
    "memorysetup-profiler-bucket-allocator-block-size=33554432"
    "memorysetup-profiler-bucket-allocator-block-count=8"
    "memorysetup-profiler-allocator-block-size=16777216"
    "memorysetup-profiler-editor-allocator-block-size=1048576"
    "memorysetup-temp-allocator-size-main=16777216"
    "memorysetup-job-temp-allocator-block-size=2097152"
    "memorysetup-job-temp-allocator-block-size-background=1048576"
    "memorysetup-job-temp-allocator-reduction-small-platforms=262144"
    "memorysetup-allocator-temp-initial-block-size-main=262144"
    "memorysetup-allocator-temp-initial-block-size-worker=262144"
    "memorysetup-temp-allocator-size-background-worker=32768"
    "memorysetup-temp-allocator-size-job-worker=262144"
    "memorysetup-temp-allocator-size-preload-manager=33554432"
    "memorysetup-temp-allocator-size-nav-mesh-worker=65536"
    "memorysetup-temp-allocator-size-audio-worker=65536"
    "memorysetup-temp-allocator-size-cloud-worker=32768"
    "memorysetup-temp-allocator-size-gi-baking-worker=262144"
    "memorysetup-temp-allocator-size-gfx=262144"
Player connection [25856] Host "[IP] 192.168.18.26 [Port] 0 [Flags] 2 [Guid] 3892499092 [EditorId] 3892499092 [Version] 1048832 [Id] WindowsEditor(7,LAPTOP-HPHSOG42) [Debug] 1 [PackageName] WindowsEditor [ProjectName] Editor" joined multi-casting on [225.0.0.222:54997]...

Player connection [25856] Host "[IP] 192.168.18.26 [Port] 0 [Flags] 2 [Guid] 3892499092 [EditorId] 3892499092 [Version] 1048832 [Id] WindowsEditor(7,LAPTOP-HPHSOG42) [Debug] 1 [PackageName] WindowsEditor [ProjectName] Editor" joined alternative multi-casting on [225.0.0.222:34997]...

[Physics::Module] Initialized MultithreadedJobDispatcher with 19 workers.
Refreshing native plugins compatible for Editor in 7.55 ms, found 3 plugins.
Preloading 0 native plugins for Editor in 0.00 ms.
Initialize engine version: 2022.3.19f1 (244b723c30a6)
[Subsystems] Discovering subsystems at path C:/Program Files/Unity/Hub/Editor/2022.3.19f1/Editor/Data/Resources/UnitySubsystems
[Subsystems] Discovering subsystems at path C:/Users/YASEEN RAJA/Ring Toss Royale/Assets
GfxDevice: creating device client; threaded=0; jobified=0
Direct3D:
    Version:  Direct3D 11.0 [level 11.1]
    Renderer: NVIDIA GeForce RTX 4060 Laptop GPU (ID=0x28e0)
    Vendor:   NVIDIA
    VRAM:     7957 MB
    Driver:   31.0.15.5212
Initialize mono
Mono path[0] = 'C:/Program Files/Unity/Hub/Editor/2022.3.19f1/Editor/Data/Managed'
Mono path[1] = 'C:/Program Files/Unity/Hub/Editor/2022.3.19f1/Editor/Data/MonoBleedingEdge/lib/mono/unityjit-win32'
Mono config path = 'C:/Program Files/Unity/Hub/Editor/2022.3.19f1/Editor/Data/MonoBleedingEdge/etc'
Using monoOptions --debugger-agent=transport=dt_socket,embedding=1,server=y,suspend=n,address=127.0.0.1:56352
Begin MonoManager ReloadAssembly
Registering precompiled unity dll's ...
Register platform support module: C:/Program Files/Unity/Hub/Editor/2022.3.19f1/Editor/Data/PlaybackEngines/AndroidPlayer/UnityEditor.Android.Extensions.dll
Register platform support module: C:/Program Files/Unity/Hub/Editor/2022.3.19f1/Editor/Data/PlaybackEngines/iOSSupport/UnityEditor.iOS.Extensions.dll
Register platform support module: C:/Program Files/Unity/Hub/Editor/2022.3.19f1/Editor/Data/PlaybackEngines/WindowsStandaloneSupport/UnityEditor.WindowsStandalone.Extensions.dll
Registered in 0.007384 seconds.
- Loaded All Assemblies, in  0.353 seconds
Native extension for WindowsStandalone target not found
[usbmuxd] Start listen thread
[usbmuxd] Listen thread started
Native extension for iOS target not found
Native extension for Android target not found
Android Extension - Scanning For ADB Devices 216 ms
Mono: successfully reloaded assembly
- Finished resetting the current domain, in  0.492 seconds
Domain Reload Profiling: 844ms
	BeginReloadAssembly (109ms)
		ExecutionOrderSort (0ms)
		DisableScriptedObjects (0ms)
		BackupInstance (0ms)
		ReleaseScriptingObjects (0ms)
		CreateAndSetChildDomain (1ms)
	RebuildCommonClasses (32ms)
	RebuildNativeTypeToScriptingClass (7ms)
	initialDomainReloadingComplete (49ms)
	LoadAllAssembliesAndSetupDomain (156ms)
		LoadAssemblies (110ms)
		RebuildTransferFunctionScriptingTraits (0ms)
		AnalyzeDomain (151ms)
			TypeCache.Refresh (149ms)
				TypeCache.ScanAssembly (132ms)
			ScanForSourceGeneratedMonoScriptInfo (0ms)
			ResolveRequiredComponents (1ms)
	FinalizeReload (492ms)
		ReleaseScriptCaches (0ms)
		RebuildScriptCaches (0ms)
		SetupLoadedEditorAssemblies (451ms)
			LogAssemblyErrors (0ms)
			InitializePlatformSupportModulesInManaged (315ms)
			SetLoadedEditorAssemblies (3ms)
			RefreshPlugins (0ms)
			BeforeProcessingInitializeOnLoad (2ms)
			ProcessInitializeOnLoadAttributes (91ms)
			ProcessInitializeOnLoadMethodAttributes (41ms)
			AfterProcessingInitializeOnLoad (0ms)
			EditorAssembliesLoaded (0ms)
		ExecutionOrderSort2 (0ms)
		AwakeInstancesAfterBackupRestoration (0ms)
========================================================================
Worker process is ready to serve import requests
Begin MonoManager ReloadAssembly
- Loaded All Assemblies, in  0.515 seconds
Refreshing native plugins compatible for Editor in 4.08 ms, found 3 plugins.
Native extension for WindowsStandalone target not found
Native extension for iOS target not found
Native extension for Android target not found
Package Manager log level set to [2]
[Package Manager] Server::EnsureServerProcessIsRunning -- launch failed, reason: Unity was launched with the -noUpm command-line argument
[Package Manager] UpmClient::Send -- Unable to send message (not connected to UPM process).
[Package Manager] Cannot connect to Unity Package Manager local server
Mono: successfully reloaded assembly
[Package Manager] Server::EnsureServerProcessIsRunning -- launch failed, reason: Unity was launched with the -noUpm command-line argument
[Package Manager] UpmClient::Send -- Unable to send message (not connected to UPM process).
[Package Manager] Cannot connect to Unity Package Manager local server
[Package Manager] Server::EnsureServerProcessIsRunning -- launch failed, reason: Unity was launched with the -noUpm command-line argument
[Package Manager] UpmClient::Send -- Unable to send message (not connected to UPM process).
[Package Manager] Cannot connect to Unity Package Manager local server
- Finished resetting the current domain, in  0.398 seconds
Domain Reload Profiling: 911ms
	BeginReloadAssembly (117ms)
		ExecutionOrderSort (0ms)
		DisableScriptedObjects (3ms)
		BackupInstance (0ms)
		ReleaseScriptingObjects (0ms)
		CreateAndSetChildDomain (15ms)
	RebuildCommonClasses (23ms)
	RebuildNativeTypeToScriptingClass (9ms)
	initialDomainReloadingComplete (32ms)
	LoadAllAssembliesAndSetupDomain (332ms)
		LoadAssemblies (293ms)
		RebuildTransferFunctionScriptingTraits (0ms)
		AnalyzeDomain (112ms)
			TypeCache.Refresh (95ms)
				TypeCache.ScanAssembly (82ms)
			ScanForSourceGeneratedMonoScriptInfo (12ms)
			ResolveRequiredComponents (3ms)
	FinalizeReload (399ms)
		ReleaseScriptCaches (0ms)
		RebuildScriptCaches (0ms)
		SetupLoadedEditorAssemblies (276ms)
			LogAssemblyErrors (0ms)
			InitializePlatformSupportModulesInManaged (28ms)
			SetLoadedEditorAssemblies (2ms)
			RefreshPlugins (0ms)
			BeforeProcessingInitializeOnLoad (42ms)
			ProcessInitializeOnLoadAttributes (186ms)
			ProcessInitializeOnLoadMethodAttributes (13ms)
			AfterProcessingInitializeOnLoad (4ms)
			EditorAssembliesLoaded (0ms)
		ExecutionOrderSort2 (0ms)
		AwakeInstancesAfterBackupRestoration (4ms)
Launched and connected shader compiler UnityShaderCompiler.exe after 0.03 seconds
Refreshing native plugins compatible for Editor in 4.18 ms, found 3 plugins.
Preloading 0 native plugins for Editor in 0.00 ms.
Unloading 3223 Unused Serialized files (Serialized files now loaded: 0)
Unloading 43 unused Assets / (62.9 KB). Loaded Objects now: 3676.
Memory consumption went from 134.2 MB to 134.2 MB.
Total: 3.140200 ms (FindLiveObjects: 0.148900 ms CreateObjectMapping: 0.055700 ms MarkObjects: 2.848200 ms  DeleteObjects: 0.086600 ms)

AssetImportParameters requested are different than current active one (requested -> active):
  custom:container-demuxer-ogg: 62fdf1f143b41e24485cea50d1cbac27 -> 
  custom:video-codec-MediaFoundation-h265: 746d11721c4dcdbdad8f713fa42b33f4 -> 
  custom:video-decoder-ogg-theora: a1e56fd34408186e4bbccfd4996cb3dc -> 
  custom:framework-win-MediaFoundation: 216162199b28c13a410421893ffa2e32 -> 
  custom:CustomObjectIndexerAttribute: 6d391050e5a25f67b0a2c618074f2cd9 -> 
  custom:container-demuxer-webm: 4f35f7cbe854078d1ac9338744f61a02 -> 
  custom:container-muxer-webm: aa71ff27fc2769a1b78a27578f13a17b -> 
  custom:video-decoder-webm-vp8: 9c59270c3fd7afecdb556c50c9e8de78 -> 
  custom:SearchIndexIgnoredProperties: e643bd26f0fe6173181afceb89e7c659 -> 
  custom:AudioImporter_EditorPlatform: d09bf68614088b80899f8185d706f6e7 -> 
  custom:video-encoder-webm-vp8: eb34c28f22e8b96e1ab97ce403110664 -> 
  custom:audio-decoder-ogg-vorbis: bf7c407c2cedff20999df2af8eb42d56 -> 
  custom:audio-encoder-webm-vorbis: bf7c407c2cedff20999df2af8eb42d56 -> 
========================================================================
Received Import Request.
  Time since last request: 173528.777066 seconds.
  path: Assets/Scenes/Main Menu.unity
  artifactKey: Guid(c850ee8c3b14cc8459e7e186857cf567) Importer(815301076,1909f56bfc062723c751e8b465ee728b)
Start importing Assets/Scenes/Main Menu.unity using Guid(c850ee8c3b14cc8459e7e186857cf567) Importer(815301076,1909f56bfc062723c751e8b465ee728b)  -> (artifact id: '8a447977bc72f38700228f4a41785e20') in 0.002558 seconds
Number of updated asset objects reloaded before import = 0
Number of asset objects unloaded after import = 0
========================================================================
Received Import Request.
  Time since last request: 2868.354312 seconds.
  path: Assets/Scenes/pikaso_reimagine_digital-painting-A-colorful-and-vibrant-logo-for-a.jpeg
  artifactKey: Guid(4d4ba3348999036439ea18653b3fa599) Importer(815301076,1909f56bfc062723c751e8b465ee728b)
Start importing Assets/Scenes/pikaso_reimagine_digital-painting-A-colorful-and-vibrant-logo-for-a.jpeg using Guid(4d4ba3348999036439ea18653b3fa599) Importer(815301076,1909f56bfc062723c751e8b465ee728b)  -> (artifact id: '3c961d7866d340673086a39b22a4082b') in 0.079394 seconds
Number of updated asset objects reloaded before import = 0
Number of asset objects unloaded after import = 2
========================================================================
Received Import Request.
  Time since last request: 29.168299 seconds.
  path: Assets/Scenes/pikaso_reimagine_digital-painting-A-colorful-and-vibrant-logo-for-a.jpeg
  artifactKey: Guid(4d4ba3348999036439ea18653b3fa599) Importer(815301076,1909f56bfc062723c751e8b465ee728b)
Start importing Assets/Scenes/pikaso_reimagine_digital-painting-A-colorful-and-vibrant-logo-for-a.jpeg using Guid(4d4ba3348999036439ea18653b3fa599) Importer(815301076,1909f56bfc062723c751e8b465ee728b)  -> (artifact id: 'b1634f6c6eb367b5f548add3525e93d4') in 0.040854 seconds
Number of updated asset objects reloaded before import = 0
Number of asset objects unloaded after import = 3
========================================================================
Received Import Request.
  Time since last request: 221.516938 seconds.
  path: Assets/Scenes/pikaso_reimagine_digital-painting-A-colorful-and-vibrant-logo-for-a.png
  artifactKey: Guid(89cbc90c8567311478bca959c3df55a4) Importer(815301076,1909f56bfc062723c751e8b465ee728b)
Start importing Assets/Scenes/pikaso_reimagine_digital-painting-A-colorful-and-vibrant-logo-for-a.png using Guid(89cbc90c8567311478bca959c3df55a4) Importer(815301076,1909f56bfc062723c751e8b465ee728b)  -> (artifact id: '68d52660d5caf7d93968a9ff8015d2f1') in 0.027874 seconds
Number of updated asset objects reloaded before import = 0
Number of asset objects unloaded after import = 2
========================================================================
Received Import Request.
  Time since last request: 14.380078 seconds.
  path: Assets/Scenes/pikaso_reimagine_digital-painting-A-colorful-and-vibrant-logo-for-a.png
  artifactKey: Guid(89cbc90c8567311478bca959c3df55a4) Importer(815301076,1909f56bfc062723c751e8b465ee728b)
Start importing Assets/Scenes/pikaso_reimagine_digital-painting-A-colorful-and-vibrant-logo-for-a.png using Guid(89cbc90c8567311478bca959c3df55a4) Importer(815301076,1909f56bfc062723c751e8b465ee728b)  -> (artifact id: '2f1febf7839654b0abba8bdb61d18860') in 0.026594 seconds
Number of updated asset objects reloaded before import = 0
Number of asset objects unloaded after import = 3
========================================================================
Received Import Request.
  Time since last request: 339.347127 seconds.
  path: Assets/Scenes/pikaso_reimagine_digital-painting-A-colorful-and-vibrant-logo-for-a-ai-brush-removebg-p67xsvek.png
  artifactKey: Guid(a28598cc3814db3439897a972754f167) Importer(815301076,1909f56bfc062723c751e8b465ee728b)
Start importing Assets/Scenes/pikaso_reimagine_digital-painting-A-colorful-and-vibrant-logo-for-a-ai-brush-removebg-p67xsvek.png using Guid(a28598cc3814db3439897a972754f167) Importer(815301076,1909f56bfc062723c751e8b465ee728b)  -> (artifact id: '4e137b339122b5a3ab8417d2fb4e55c4') in 0.022377 seconds
Number of updated asset objects reloaded before import = 0
Number of asset objects unloaded after import = 2
========================================================================
Received Import Request.
  Time since last request: 7.121087 seconds.
  path: Assets/Scenes/pikaso_reimagine_digital-painting-A-colorful-and-vibrant-logo-for-a-ai-brush-removebg-p67xsvek.png
  artifactKey: Guid(a28598cc3814db3439897a972754f167) Importer(815301076,1909f56bfc062723c751e8b465ee728b)
Start importing Assets/Scenes/pikaso_reimagine_digital-painting-A-colorful-and-vibrant-logo-for-a-ai-brush-removebg-p67xsvek.png using Guid(a28598cc3814db3439897a972754f167) Importer(815301076,1909f56bfc062723c751e8b465ee728b)  -> (artifact id: '0dc6f4b7891cd7089147b324c3419e88') in 0.024955 seconds
Number of updated asset objects reloaded before import = 0
Number of asset objects unloaded after import = 3
========================================================================
Received Import Request.
  Time since last request: 174.165859 seconds.
  path: Assets/TextMesh Pro/Shaders/TMPro.cginc
  artifactKey: Guid(407bc68d299748449bbf7f48ee690f8d) Importer(815301076,1909f56bfc062723c751e8b465ee728b)
Start importing Assets/TextMesh Pro/Shaders/TMPro.cginc using Guid(407bc68d299748449bbf7f48ee690f8d) Importer(815301076,1909f56bfc062723c751e8b465ee728b)  -> (artifact id: 'b2f603c20fc83149d951696e0b5ff78e') in 0.002549 seconds
Number of updated asset objects reloaded before import = 0
Number of asset objects unloaded after import = 1
========================================================================
Received Import Request.
  Time since last request: 0.001362 seconds.
  path: Assets/TextMesh Pro/Shaders/TMPro_Mobile.cginc
  artifactKey: Guid(c334973cef89a9840b0b0c507e0377ab) Importer(815301076,1909f56bfc062723c751e8b465ee728b)
Start importing Assets/TextMesh Pro/Shaders/TMPro_Mobile.cginc using Guid(c334973cef89a9840b0b0c507e0377ab) Importer(815301076,1909f56bfc062723c751e8b465ee728b)  -> (artifact id: 'ed4948e3d3b156c358d774882348c13a') in 0.001897 seconds
Number of updated asset objects reloaded before import = 0
Number of asset objects unloaded after import = 1
========================================================================
Received Import Request.
  Time since last request: 0.001112 seconds.
  path: Assets/TextMesh Pro/Shaders/TMPro_Properties.cginc
  artifactKey: Guid(3997e2241185407d80309a82f9148466) Importer(815301076,1909f56bfc062723c751e8b465ee728b)
Start importing Assets/TextMesh Pro/Shaders/TMPro_Properties.cginc using Guid(3997e2241185407d80309a82f9148466) Importer(815301076,1909f56bfc062723c751e8b465ee728b)  -> (artifact id: 'fb17b39ab37ff5c4a0c347358e9d790f') in 0.001521 seconds
Number of updated asset objects reloaded before import = 0
Number of asset objects unloaded after import = 1
========================================================================
Received Import Request.
  Time since last request: 0.002013 seconds.
  path: Assets/TextMesh Pro/Shaders/TMPro_Surface.cginc
  artifactKey: Guid(d930090c0cd643c7b55f19a38538c162) Importer(815301076,1909f56bfc062723c751e8b465ee728b)
Start importing Assets/TextMesh Pro/Shaders/TMPro_Surface.cginc using Guid(d930090c0cd643c7b55f19a38538c162) Importer(815301076,1909f56bfc062723c751e8b465ee728b)  -> (artifact id: '9c686a485411b244d6b24147d7663491') in 0.002069 seconds
Number of updated asset objects reloaded before import = 0
Number of asset objects unloaded after import = 1
========================================================================
Received Import Request.
  Time since last request: 27.283450 seconds.
  path: Assets/Simple Buttons/Big Buttons
  artifactKey: Guid(06c9a1089e33c0940a01190d612d8565) Importer(815301076,1909f56bfc062723c751e8b465ee728b)
Start importing Assets/Simple Buttons/Big Buttons using Guid(06c9a1089e33c0940a01190d612d8565) Importer(815301076,1909f56bfc062723c751e8b465ee728b)  -> (artifact id: 'b42fd253f377eb812eb3a8c83fc5901e') in 0.000406 seconds
Number of updated asset objects reloaded before import = 0
Number of asset objects unloaded after import = 0
========================================================================
Received Import Request.
  Time since last request: 0.099566 seconds.
  path: Assets/Simple Buttons/Big Buttons/BigBlue.png
  artifactKey: Guid(90ced506aa0f51a4289ec49382f4a6ed) Importer(815301076,1909f56bfc062723c751e8b465ee728b)
Start importing Assets/Simple Buttons/Big Buttons/BigBlue.png using Guid(90ced506aa0f51a4289ec49382f4a6ed) Importer(815301076,1909f56bfc062723c751e8b465ee728b)  -> (artifact id: 'd1085dae513e4efb0472981079349204') in 0.023060 seconds
Number of updated asset objects reloaded before import = 0
Number of asset objects unloaded after import = 3
========================================================================
Received Import Request.
  Time since last request: 0.000058 seconds.
  path: Assets/Simple Buttons/Big Buttons/BigPurple.png
  artifactKey: Guid(1007286c832092d4ca0fcba0fad046a3) Importer(815301076,1909f56bfc062723c751e8b465ee728b)
Start importing Assets/Simple Buttons/Big Buttons/BigPurple.png using Guid(1007286c832092d4ca0fcba0fad046a3) Importer(815301076,1909f56bfc062723c751e8b465ee728b)  -> (artifact id: '912cf050c5c3a89824f0ee78e8126d52') in 0.020730 seconds
Number of updated asset objects reloaded before import = 0
Number of asset objects unloaded after import = 3
========================================================================
Received Import Request.
  Time since last request: 0.000015 seconds.
  path: Assets/Simple Buttons/Big Buttons/BigGreen.png
  artifactKey: Guid(7194b907763190b4ab82436aaba93472) Importer(815301076,1909f56bfc062723c751e8b465ee728b)
Start importing Assets/Simple Buttons/Big Buttons/BigGreen.png using Guid(7194b907763190b4ab82436aaba93472) Importer(815301076,1909f56bfc062723c751e8b465ee728b)  -> (artifact id: '91df65d633b70844e1b9c3c051bb95a5') in 0.018972 seconds
Number of updated asset objects reloaded before import = 0
Number of asset objects unloaded after import = 3
========================================================================
Received Import Request.
  Time since last request: 0.000018 seconds.
  path: Assets/Simple Buttons/Big Buttons/BigPink.png
  artifactKey: Guid(5f4b5e4d7ee5eb14e97739815339826f) Importer(815301076,1909f56bfc062723c751e8b465ee728b)
Start importing Assets/Simple Buttons/Big Buttons/BigPink.png using Guid(5f4b5e4d7ee5eb14e97739815339826f) Importer(815301076,1909f56bfc062723c751e8b465ee728b)  -> (artifact id: '345c16afee2478c953de3bef4fe3d035') in 0.019229 seconds
Number of updated asset objects reloaded before import = 0
Number of asset objects unloaded after import = 3
========================================================================
Received Import Request.
  Time since last request: 0.000015 seconds.
  path: Assets/Simple Buttons/Big Buttons/BigLigthBlue.png
  artifactKey: Guid(06f5327c8a8659b44aa589fd6c0f6660) Importer(815301076,1909f56bfc062723c751e8b465ee728b)
Start importing Assets/Simple Buttons/Big Buttons/BigLigthBlue.png using Guid(06f5327c8a8659b44aa589fd6c0f6660) Importer(815301076,1909f56bfc062723c751e8b465ee728b)  -> (artifact id: '785b9fe0f7d8f7008761272902d1cdbe') in 0.018426 seconds
Number of updated asset objects reloaded before import = 0
Number of asset objects unloaded after import = 3
Editor requested this worker to shutdown with reason: Scaling down because of idle timeout
TcpMessagingSession - receive error: operation aborted. errorcode: 995, details: The I/O operation has been aborted because of either a thread exit or an application request.
AssetImportWorker is now disconnected from the server
Process exiting
Exiting without the bug reporter. Application will terminate with return code 0